$statsdir = '/home/dkedra/00_prj/geneid_t/geneid_trainer/00_gtrain_workdir//statistics_pmar01/';
$value = '765';
$temptbl = 'pmar01.genomic.tbl';
$temptblcaps = 'pmar01.genomic.tbl';
$fastasdir = '/home/dkedra/00_prj/geneid_t/geneid_trainer/00_gtrain_workdir//fastas_pmar01/';
$plotsdir = '/home/dkedra/00_prj/geneid_t/geneid_trainer/00_gtrain_workdir//plots';
$templocus_id = 'pmar01_locus_id';
$total_seqs = '765';
$total_genomic = '765';
$templist = 'pmar01_list_all_seqs';
$templocus_id_new = 'pmar01_locus_id_training_setaside80';
$tempgff4training = 'pmar01.gff_training_setaside80';
$seqsused = '612';
$templist_train = 'pmar01_list_train_seqs_setaside80';
$templocusid_eval = 'pmar01_locus_id_evaluation_setaside20';
$tempgff4evaluation = 'pmar01.gff_evaluation_setaside20';
$gffseqseval = '153';
$outcds = 'pmar01.train.cds_nozero.tbl';
$outintron = 'pmar01.train.intron_positivelength.tbl';
$outlocus_id = 'pmar01.train_locus_id_nozero';
$outgff = 'pmar01.train.nozero.gff';
$outcdseval = 'pmar01.eval.cds_nozero.tbl';
$outintroneval = 'pmar01.eval.intron_positivelength.tbl';
$outlocus_id_eval = 'pmar01.eval_locus_id_nozero';
$outgffeval = 'pmar01.eval.nozero.gff';
$inframeeval = 0;
$tempgeneidgffsorted = 'pmar01.train.geneid.gff_sorted';
$inframe = 0;
$outdonortbl = 'pmar01.canonical.donor.tbl';
$totalnoncandon = '9';
$outacceptortbl = 'Acceptor_sites.tbl';
$totalnoncanacc = '0';
$outstarttbl = '/home/dkedra/00_prj/geneid_t/geneid_trainer/00_gtrain_workdir//sites/Start_sites_complete.tbl';
$totalnoncansta = '0';
$gptraingff = 'pmar01.train.gp_eval_gff';
$gptrainfa = 'pmar01.train.gp.fa';
$gptraintbl = 'pmar01.train.gp.tbl';
$gptrainlen = 'pmar01.train.gp_cds_length';
$gptraincontiggff = 'pmar01.train.cds_gp_contig.eval.gff';
$gptraincontigfa = 'pmar01.train.combined.gp.fa';
$gptraincontigtbl = 'pmar01.train.combined.gp.tbl';
$gptraincontiglen = 'pmar01.train.gp_cds_contig_length';
$gpevalgff = 'pmar01.eval.gp_eval_gff';
$gpevalfa = 'pmar01.eval.gp.fa';
$gpevaltbl = 'pmar01.eval.gp.tbl';
$gpevallen = 'pmar01.eval.gp_cds_length';
$gpevalcontiggff = 'pmar01.eval.cds_gp_contig.eval.gff';
$gpevalcontigfa = 'pmar01.eval.combined.gp.fa';
$gpevalcontigtbl = 'pmar01.eval.combined.gp.tbl';
$gpevalcontiglen = 'pmar01.eval.gp_cds_contig_length';
$tempgeneidgffsortedeval = 'pmar01.eval.geneid.gff_sorted';
